14/05/2025 13:51:51 - INFO - ==== Coleta iniciada ====
14/05/2025 13:51:51 - INFO - ====== WebDriver manager ======
14/05/2025 13:51:52 - INFO - Get LATEST chromedriver version for google-chrome
14/05/2025 13:51:53 - DEBUG - Starting new HTTPS connection (1): googlechromelabs.github.io:443
14/05/2025 13:51:53 - DEBUG - https://googlechromelabs.github.io:443 "GET /chrome-for-testing/latest-patch-versions-per-build.json HTTP/11" 200 11062
14/05/2025 13:51:53 - INFO - Get LATEST chromedriver version for google-chrome
14/05/2025 13:51:53 - DEBUG - Starting new HTTPS connection (1): googlechromelabs.github.io:443
14/05/2025 13:51:53 - DEBUG - https://googlechromelabs.github.io:443 "GET /chrome-for-testing/latest-patch-versions-per-build.json HTTP/11" 200 11062
14/05/2025 13:51:53 - INFO - Driver [C:\Users\andrew.reis\.wdm\drivers\chromedriver\win64\136.0.7103.92\chromedriver-win32/chromedriver.exe] found in cache
14/05/2025 13:51:53 - DEBUG - Skipping Selenium Manager; path to chrome driver specified in Service class: C:\Users\andrew.reis\.wdm\drivers\chromedriver\win64\136.0.7103.92\chromedriver-win32/chromedriver.exe
14/05/2025 13:51:53 - DEBUG - Started executable: `C:\Users\andrew.reis\.wdm\drivers\chromedriver\win64\136.0.7103.92\chromedriver-win32/chromedriver.exe` in a child process with pid: 12548 using 0 to output -3
14/05/2025 13:51:53 - DEBUG - POST http://localhost:59278/session {'capabilities': {'firstMatch': [{}], 'alwaysMatch': {'browserName': 'chrome', 'pageLoadStrategy': <PageLoadStrategy.normal: 'normal'>, 'goog:chromeOptions': {'extensions': [], 'args': ['--start-maximized', '--disable-notifications']}}}}
14/05/2025 13:51:53 - DEBUG - Starting new HTTP connection (1): localhost:59278
14/05/2025 13:51:54 - DEBUG - http://localhost:59278 "POST /session HTTP/11" 200 0
14/05/2025 13:51:54 - DEBUG - Remote response: status=200 | data={"value":{"capabilities":{"acceptInsecureCerts":false,"browserName":"chrome","browserVersion":"136.0.7103.93","chrome":{"chromedriverVersion":"136.0.7103.92 (cb81a4cc5087a8303a6c8827ee2b80b71d26e334-refs/branch-heads/7103@{#1840})","userDataDir":"C:\\Users\\andrew.reis\\AppData\\Local\\Temp\\scoped_dir12548_103547123"},"fedcm:accounts":true,"goog:chromeOptions":{"debuggerAddress":"localhost:59281"},"networkConnectionEnabled":false,"pageLoadStrategy":"normal","platformName":"windows","proxy":{},"setWindowRect":true,"strictFileInteractability":false,"timeouts":{"implicit":0,"pageLoad":300000,"script":30000},"unhandledPromptBehavior":"dismiss and notify","webauthn:extension:credBlob":true,"webauthn:extension:largeBlob":true,"webauthn:extension:minPinLength":true,"webauthn:extension:prf":true,"webauthn:virtualAuthenticators":true},"sessionId":"358011805bce802633b9b0be28aab578"}} | headers=HTTPHeaderDict({'Content-Length': '887', 'Content-Type': 'application/json; charset=utf-8', 'cache-control': 'no-cache'})
14/05/2025 13:51:54 - DEBUG - Finished Request
14/05/2025 13:51:54 - DEBUG - Processando item 1: https://www.tecnocubo.com.br/filamento-impressao-3d-creality-hyper-pla-rainbow-arco-iris-spring-lake-1kg/p
14/05/2025 13:51:54 - DEBUG - POST http://localhost:59278/session/358011805bce802633b9b0be28aab578/url {'url': 'https://www.tecnocubo.com.br/filamento-impressao-3d-creality-hyper-pla-rainbow-arco-iris-spring-lake...'}
14/05/2025 13:51:55 - DEBUG - http://localhost:59278 "POST /session/358011805bce802633b9b0be28aab578/url HTTP/11" 200 0
14/05/2025 13:51:55 - DEBUG - Remote response: status=200 | data={"value":null} | headers=HTTPHeaderDict({'Content-Length': '14', 'Content-Type': 'application/json; charset=utf-8', 'cache-control': 'no-cache'})
14/05/2025 13:51:55 - DEBUG - Finished Request
14/05/2025 13:51:55 - DEBUG - POST http://localhost:59278/session/358011805bce802633b9b0be28aab578/element {'using': 'xpath', 'value': "//button[contains(@class, 'close')]"}
14/05/2025 13:51:55 - DEBUG - http://localhost:59278 "POST /session/358011805bce802633b9b0be28aab578/element HTTP/11" 200 0
14/05/2025 13:51:55 - DEBUG - Remote response: status=200 | data={"value":{"element-6066-11e4-a52e-4f735466cecf":"f.C5254E58B71BF16DE4C978316DD7F5C7.d.C05327FD5AE7B67910BEBFA8C1EAAA05.e.59"}} | headers=HTTPHeaderDict({'Content-Length': '126', 'Content-Type': 'application/json; charset=utf-8', 'cache-control': 'no-cache'})
14/05/2025 13:51:55 - DEBUG - Finished Request
14/05/2025 13:51:55 - DEBUG - POST http://localhost:59278/session/358011805bce802633b9b0be28aab578/element/f.C5254E58B71BF16DE4C978316DD7F5C7.d.C05327FD5AE7B67910BEBFA8C1EAAA05.e.59/click {}
14/05/2025 13:51:55 - DEBUG - http://localhost:59278 "POST /session/358011805bce802633b9b0be28aab578/element/f.C5254E58B71BF16DE4C978316DD7F5C7.d.C05327FD5AE7B67910BEBFA8C1EAAA05.e.59/click HTTP/11" 400 0
14/05/2025 13:51:55 - DEBUG - Remote response: status=400 | data={"value":{"error":"element not interactable","message":"element not interactable\n  (Session info: chrome=136.0.7103.93)","stacktrace":"\tGetHandleVerifier [0x00EDFC53+61635]\n\tGetHandleVerifier [0x00EDFC94+61700]\n\t(No symbol) [0x00D0044E]\n\t(No symbol) [0x00D49B4B]\n\t(No symbol) [0x00D3E5A5]\n\t(No symbol) [0x00D6D29C]\n\t(No symbol) [0x00D3E034]\n\t(No symbol) [0x00D6D514]\n\t(No symbol) [0x00D8E61B]\n\t(No symbol) [0x00D6D096]\n\t(No symbol) [0x00D3C840]\n\t(No symbol) [0x00D3D6A4]\n\tGetHandleVerifier [0x01164573+2701795]\n\tGetHandleVerifier [0x0115FCF6+2683238]\n\tGetHandleVerifier [0x0117AA3E+2793134]\n\tGetHandleVerifier [0x00EF6915+155013]\n\tGetHandleVerifier [0x00EFCFFD+181357]\n\tGetHandleVerifier [0x00EE74A8+92440]\n\tGetHandleVerifier [0x00EE7650+92864]\n\tGetHandleVerifier [0x00ED2040+5296]\n\tBaseThreadInitThunk [0x75F77BA9+25]\n\tRtlInitializeExceptionChain [0x774CC28B+107]\n\tRtlClearBits [0x774CC20F+191]\n"}} | headers=HTTPHeaderDict({'Content-Length': '946', 'Content-Type': 'application/json; charset=utf-8', 'cache-control': 'no-cache'})
14/05/2025 13:51:55 - DEBUG - Finished Request
14/05/2025 13:51:55 - DEBUG - POST http://localhost:59278/session/358011805bce802633b9b0be28aab578/element {'using': 'xpath', 'value': "//h1[@class='product-name']"}
14/05/2025 13:51:55 - DEBUG - http://localhost:59278 "POST /session/358011805bce802633b9b0be28aab578/element HTTP/11" 404 0
14/05/2025 13:51:55 - DEBUG - Remote response: status=404 | data={"value":{"error":"no such element","message":"no such element: Unable to locate element: {\"method\":\"xpath\",\"selector\":\"//h1[@class='product-name']\"}\n  (Session info: chrome=136.0.7103.93)","stacktrace":"\tGetHandleVerifier [0x00EDFC53+61635]\n\tGetHandleVerifier [0x00EDFC94+61700]\n\t(No symbol) [0x00D005D3]\n\t(No symbol) [0x00D4899E]\n\t(No symbol) [0x00D48D3B]\n\t(No symbol) [0x00D90E12]\n\t(No symbol) [0x00D6D2E4]\n\t(No symbol) [0x00D8E61B]\n\t(No symbol) [0x00D6D096]\n\t(No symbol) [0x00D3C840]\n\t(No symbol) [0x00D3D6A4]\n\tGetHandleVerifier [0x01164573+2701795]\n\tGetHandleVerifier [0x0115FCF6+2683238]\n\tGetHandleVerifier [0x0117AA3E+2793134]\n\tGetHandleVerifier [0x00EF6915+155013]\n\tGetHandleVerifier [0x00EFCFFD+181357]\n\tGetHandleVerifier [0x00EE74A8+92440]\n\tGetHandleVerifier [0x00EE7650+92864]\n\tGetHandleVerifier [0x00ED2040+5296]\n\tBaseThreadInitThunk [0x75F77BA9+25]\n\tRtlInitializeExceptionChain [0x774CC28B+107]\n\tRtlClearBits [0x774CC20F+191]\n"}} | headers=HTTPHeaderDict({'Content-Length': '995', 'Content-Type': 'application/json; charset=utf-8', 'cache-control': 'no-cache'})
14/05/2025 13:51:55 - DEBUG - Finished Request
14/05/2025 13:51:56 - DEBUG - POST http://localhost:59278/session/358011805bce802633b9b0be28aab578/element {'using': 'xpath', 'value': "//h1[@class='product-name']"}
14/05/2025 13:51:56 - DEBUG - http://localhost:59278 "POST /session/358011805bce802633b9b0be28aab578/element HTTP/11" 404 0
14/05/2025 13:51:56 - DEBUG - Remote response: status=404 | data={"value":{"error":"no such element","message":"no such element: Unable to locate element: {\"method\":\"xpath\",\"selector\":\"//h1[@class='product-name']\"}\n  (Session info: chrome=136.0.7103.93)","stacktrace":"\tGetHandleVerifier [0x00EDFC53+61635]\n\tGetHandleVerifier [0x00EDFC94+61700]\n\t(No symbol) [0x00D005D3]\n\t(No symbol) [0x00D4899E]\n\t(No symbol) [0x00D48D3B]\n\t(No symbol) [0x00D90E12]\n\t(No symbol) [0x00D6D2E4]\n\t(No symbol) [0x00D8E61B]\n\t(No symbol) [0x00D6D096]\n\t(No symbol) [0x00D3C840]\n\t(No symbol) [0x00D3D6A4]\n\tGetHandleVerifier [0x01164573+2701795]\n\tGetHandleVerifier [0x0115FCF6+2683238]\n\tGetHandleVerifier [0x0117AA3E+2793134]\n\tGetHandleVerifier [0x00EF6915+155013]\n\tGetHandleVerifier [0x00EFCFFD+181357]\n\tGetHandleVerifier [0x00EE74A8+92440]\n\tGetHandleVerifier [0x00EE7650+92864]\n\tGetHandleVerifier [0x00ED2040+5296]\n\tBaseThreadInitThunk [0x75F77BA9+25]\n\tRtlInitializeExceptionChain [0x774CC28B+107]\n\tRtlClearBits [0x774CC20F+191]\n"}} | headers=HTTPHeaderDict({'Content-Length': '995', 'Content-Type': 'application/json; charset=utf-8', 'cache-control': 'no-cache'})
14/05/2025 13:51:56 - DEBUG - Finished Request
14/05/2025 13:51:56 - DEBUG - POST http://localhost:59278/session/358011805bce802633b9b0be28aab578/element {'using': 'xpath', 'value': "//h1[@class='product-name']"}
14/05/2025 13:51:56 - DEBUG - http://localhost:59278 "POST /session/358011805bce802633b9b0be28aab578/element HTTP/11" 404 0
14/05/2025 13:51:56 - DEBUG - Remote response: status=404 | data={"value":{"error":"no such element","message":"no such element: Unable to locate element: {\"method\":\"xpath\",\"selector\":\"//h1[@class='product-name']\"}\n  (Session info: chrome=136.0.7103.93)","stacktrace":"\tGetHandleVerifier [0x00EDFC53+61635]\n\tGetHandleVerifier [0x00EDFC94+61700]\n\t(No symbol) [0x00D005D3]\n\t(No symbol) [0x00D4899E]\n\t(No symbol) [0x00D48D3B]\n\t(No symbol) [0x00D90E12]\n\t(No symbol) [0x00D6D2E4]\n\t(No symbol) [0x00D8E61B]\n\t(No symbol) [0x00D6D096]\n\t(No symbol) [0x00D3C840]\n\t(No symbol) [0x00D3D6A4]\n\tGetHandleVerifier [0x01164573+2701795]\n\tGetHandleVerifier [0x0115FCF6+2683238]\n\tGetHandleVerifier [0x0117AA3E+2793134]\n\tGetHandleVerifier [0x00EF6915+155013]\n\tGetHandleVerifier [0x00EFCFFD+181357]\n\tGetHandleVerifier [0x00EE74A8+92440]\n\tGetHandleVerifier [0x00EE7650+92864]\n\tGetHandleVerifier [0x00ED2040+5296]\n\tBaseThreadInitThunk [0x75F77BA9+25]\n\tRtlInitializeExceptionChain [0x774CC28B+107]\n\tRtlClearBits [0x774CC20F+191]\n"}} | headers=HTTPHeaderDict({'Content-Length': '995', 'Content-Type': 'application/json; charset=utf-8', 'cache-control': 'no-cache'})
14/05/2025 13:51:56 - DEBUG - Finished Request
14/05/2025 13:51:57 - DEBUG - POST http://localhost:59278/session/358011805bce802633b9b0be28aab578/element {'using': 'xpath', 'value': "//h1[@class='product-name']"}
14/05/2025 13:51:57 - DEBUG - http://localhost:59278 "POST /session/358011805bce802633b9b0be28aab578/element HTTP/11" 404 0
14/05/2025 13:51:57 - DEBUG - Remote response: status=404 | data={"value":{"error":"no such element","message":"no such element: Unable to locate element: {\"method\":\"xpath\",\"selector\":\"//h1[@class='product-name']\"}\n  (Session info: chrome=136.0.7103.93)","stacktrace":"\tGetHandleVerifier [0x00EDFC53+61635]\n\tGetHandleVerifier [0x00EDFC94+61700]\n\t(No symbol) [0x00D005D3]\n\t(No symbol) [0x00D4899E]\n\t(No symbol) [0x00D48D3B]\n\t(No symbol) [0x00D90E12]\n\t(No symbol) [0x00D6D2E4]\n\t(No symbol) [0x00D8E61B]\n\t(No symbol) [0x00D6D096]\n\t(No symbol) [0x00D3C840]\n\t(No symbol) [0x00D3D6A4]\n\tGetHandleVerifier [0x01164573+2701795]\n\tGetHandleVerifier [0x0115FCF6+2683238]\n\tGetHandleVerifier [0x0117AA3E+2793134]\n\tGetHandleVerifier [0x00EF6915+155013]\n\tGetHandleVerifier [0x00EFCFFD+181357]\n\tGetHandleVerifier [0x00EE74A8+92440]\n\tGetHandleVerifier [0x00EE7650+92864]\n\tGetHandleVerifier [0x00ED2040+5296]\n\tBaseThreadInitThunk [0x75F77BA9+25]\n\tRtlInitializeExceptionChain [0x774CC28B+107]\n\tRtlClearBits [0x774CC20F+191]\n"}} | headers=HTTPHeaderDict({'Content-Length': '995', 'Content-Type': 'application/json; charset=utf-8', 'cache-control': 'no-cache'})
14/05/2025 13:51:57 - DEBUG - Finished Request
14/05/2025 13:51:57 - DEBUG - POST http://localhost:59278/session/358011805bce802633b9b0be28aab578/element {'using': 'xpath', 'value': "//h1[@class='product-name']"}
14/05/2025 13:51:57 - DEBUG - http://localhost:59278 "POST /session/358011805bce802633b9b0be28aab578/element HTTP/11" 404 0
14/05/2025 13:51:57 - DEBUG - Remote response: status=404 | data={"value":{"error":"no such element","message":"no such element: Unable to locate element: {\"method\":\"xpath\",\"selector\":\"//h1[@class='product-name']\"}\n  (Session info: chrome=136.0.7103.93)","stacktrace":"\tGetHandleVerifier [0x00EDFC53+61635]\n\tGetHandleVerifier [0x00EDFC94+61700]\n\t(No symbol) [0x00D005D3]\n\t(No symbol) [0x00D4899E]\n\t(No symbol) [0x00D48D3B]\n\t(No symbol) [0x00D90E12]\n\t(No symbol) [0x00D6D2E4]\n\t(No symbol) [0x00D8E61B]\n\t(No symbol) [0x00D6D096]\n\t(No symbol) [0x00D3C840]\n\t(No symbol) [0x00D3D6A4]\n\tGetHandleVerifier [0x01164573+2701795]\n\tGetHandleVerifier [0x0115FCF6+2683238]\n\tGetHandleVerifier [0x0117AA3E+2793134]\n\tGetHandleVerifier [0x00EF6915+155013]\n\tGetHandleVerifier [0x00EFCFFD+181357]\n\tGetHandleVerifier [0x00EE74A8+92440]\n\tGetHandleVerifier [0x00EE7650+92864]\n\tGetHandleVerifier [0x00ED2040+5296]\n\tBaseThreadInitThunk [0x75F77BA9+25]\n\tRtlInitializeExceptionChain [0x774CC28B+107]\n\tRtlClearBits [0x774CC20F+191]\n"}} | headers=HTTPHeaderDict({'Content-Length': '995', 'Content-Type': 'application/json; charset=utf-8', 'cache-control': 'no-cache'})
14/05/2025 13:51:57 - DEBUG - Finished Request
14/05/2025 13:51:58 - DEBUG - POST http://localhost:59278/session/358011805bce802633b9b0be28aab578/element {'using': 'xpath', 'value': "//h1[@class='product-name']"}
14/05/2025 13:51:58 - DEBUG - http://localhost:59278 "POST /session/358011805bce802633b9b0be28aab578/element HTTP/11" 404 0
14/05/2025 13:51:58 - DEBUG - Remote response: status=404 | data={"value":{"error":"no such element","message":"no such element: Unable to locate element: {\"method\":\"xpath\",\"selector\":\"//h1[@class='product-name']\"}\n  (Session info: chrome=136.0.7103.93)","stacktrace":"\tGetHandleVerifier [0x00EDFC53+61635]\n\tGetHandleVerifier [0x00EDFC94+61700]\n\t(No symbol) [0x00D005D3]\n\t(No symbol) [0x00D4899E]\n\t(No symbol) [0x00D48D3B]\n\t(No symbol) [0x00D90E12]\n\t(No symbol) [0x00D6D2E4]\n\t(No symbol) [0x00D8E61B]\n\t(No symbol) [0x00D6D096]\n\t(No symbol) [0x00D3C840]\n\t(No symbol) [0x00D3D6A4]\n\tGetHandleVerifier [0x01164573+2701795]\n\tGetHandleVerifier [0x0115FCF6+2683238]\n\tGetHandleVerifier [0x0117AA3E+2793134]\n\tGetHandleVerifier [0x00EF6915+155013]\n\tGetHandleVerifier [0x00EFCFFD+181357]\n\tGetHandleVerifier [0x00EE74A8+92440]\n\tGetHandleVerifier [0x00EE7650+92864]\n\tGetHandleVerifier [0x00ED2040+5296]\n\tBaseThreadInitThunk [0x75F77BA9+25]\n\tRtlInitializeExceptionChain [0x774CC28B+107]\n\tRtlClearBits [0x774CC20F+191]\n"}} | headers=HTTPHeaderDict({'Content-Length': '995', 'Content-Type': 'application/json; charset=utf-8', 'cache-control': 'no-cache'})
14/05/2025 13:51:58 - DEBUG - Finished Request
14/05/2025 13:51:58 - DEBUG - POST http://localhost:59278/session/358011805bce802633b9b0be28aab578/element {'using': 'xpath', 'value': "//h1[@class='product-name']"}
14/05/2025 13:51:58 - DEBUG - http://localhost:59278 "POST /session/358011805bce802633b9b0be28aab578/element HTTP/11" 404 0
14/05/2025 13:51:58 - DEBUG - Remote response: status=404 | data={"value":{"error":"no such element","message":"no such element: Unable to locate element: {\"method\":\"xpath\",\"selector\":\"//h1[@class='product-name']\"}\n  (Session info: chrome=136.0.7103.93)","stacktrace":"\tGetHandleVerifier [0x00EDFC53+61635]\n\tGetHandleVerifier [0x00EDFC94+61700]\n\t(No symbol) [0x00D005D3]\n\t(No symbol) [0x00D4899E]\n\t(No symbol) [0x00D48D3B]\n\t(No symbol) [0x00D90E12]\n\t(No symbol) [0x00D6D2E4]\n\t(No symbol) [0x00D8E61B]\n\t(No symbol) [0x00D6D096]\n\t(No symbol) [0x00D3C840]\n\t(No symbol) [0x00D3D6A4]\n\tGetHandleVerifier [0x01164573+2701795]\n\tGetHandleVerifier [0x0115FCF6+2683238]\n\tGetHandleVerifier [0x0117AA3E+2793134]\n\tGetHandleVerifier [0x00EF6915+155013]\n\tGetHandleVerifier [0x00EFCFFD+181357]\n\tGetHandleVerifier [0x00EE74A8+92440]\n\tGetHandleVerifier [0x00EE7650+92864]\n\tGetHandleVerifier [0x00ED2040+5296]\n\tBaseThreadInitThunk [0x75F77BA9+25]\n\tRtlInitializeExceptionChain [0x774CC28B+107]\n\tRtlClearBits [0x774CC20F+191]\n"}} | headers=HTTPHeaderDict({'Content-Length': '995', 'Content-Type': 'application/json; charset=utf-8', 'cache-control': 'no-cache'})
14/05/2025 13:51:58 - DEBUG - Finished Request
14/05/2025 13:51:59 - DEBUG - POST http://localhost:59278/session/358011805bce802633b9b0be28aab578/element {'using': 'xpath', 'value': "//h1[@class='product-name']"}
14/05/2025 13:51:59 - DEBUG - http://localhost:59278 "POST /session/358011805bce802633b9b0be28aab578/element HTTP/11" 404 0
14/05/2025 13:51:59 - DEBUG - Remote response: status=404 | data={"value":{"error":"no such element","message":"no such element: Unable to locate element: {\"method\":\"xpath\",\"selector\":\"//h1[@class='product-name']\"}\n  (Session info: chrome=136.0.7103.93)","stacktrace":"\tGetHandleVerifier [0x00EDFC53+61635]\n\tGetHandleVerifier [0x00EDFC94+61700]\n\t(No symbol) [0x00D005D3]\n\t(No symbol) [0x00D4899E]\n\t(No symbol) [0x00D48D3B]\n\t(No symbol) [0x00D90E12]\n\t(No symbol) [0x00D6D2E4]\n\t(No symbol) [0x00D8E61B]\n\t(No symbol) [0x00D6D096]\n\t(No symbol) [0x00D3C840]\n\t(No symbol) [0x00D3D6A4]\n\tGetHandleVerifier [0x01164573+2701795]\n\tGetHandleVerifier [0x0115FCF6+2683238]\n\tGetHandleVerifier [0x0117AA3E+2793134]\n\tGetHandleVerifier [0x00EF6915+155013]\n\tGetHandleVerifier [0x00EFCFFD+181357]\n\tGetHandleVerifier [0x00EE74A8+92440]\n\tGetHandleVerifier [0x00EE7650+92864]\n\tGetHandleVerifier [0x00ED2040+5296]\n\tBaseThreadInitThunk [0x75F77BA9+25]\n\tRtlInitializeExceptionChain [0x774CC28B+107]\n\tRtlClearBits [0x774CC20F+191]\n"}} | headers=HTTPHeaderDict({'Content-Length': '995', 'Content-Type': 'application/json; charset=utf-8', 'cache-control': 'no-cache'})
14/05/2025 13:51:59 - DEBUG - Finished Request
14/05/2025 13:51:59 - DEBUG - POST http://localhost:59278/session/358011805bce802633b9b0be28aab578/element {'using': 'xpath', 'value': "//h1[@class='product-name']"}
14/05/2025 13:51:59 - DEBUG - http://localhost:59278 "POST /session/358011805bce802633b9b0be28aab578/element HTTP/11" 404 0
14/05/2025 13:51:59 - DEBUG - Remote response: status=404 | data={"value":{"error":"no such element","message":"no such element: Unable to locate element: {\"method\":\"xpath\",\"selector\":\"//h1[@class='product-name']\"}\n  (Session info: chrome=136.0.7103.93)","stacktrace":"\tGetHandleVerifier [0x00EDFC53+61635]\n\tGetHandleVerifier [0x00EDFC94+61700]\n\t(No symbol) [0x00D005D3]\n\t(No symbol) [0x00D4899E]\n\t(No symbol) [0x00D48D3B]\n\t(No symbol) [0x00D90E12]\n\t(No symbol) [0x00D6D2E4]\n\t(No symbol) [0x00D8E61B]\n\t(No symbol) [0x00D6D096]\n\t(No symbol) [0x00D3C840]\n\t(No symbol) [0x00D3D6A4]\n\tGetHandleVerifier [0x01164573+2701795]\n\tGetHandleVerifier [0x0115FCF6+2683238]\n\tGetHandleVerifier [0x0117AA3E+2793134]\n\tGetHandleVerifier [0x00EF6915+155013]\n\tGetHandleVerifier [0x00EFCFFD+181357]\n\tGetHandleVerifier [0x00EE74A8+92440]\n\tGetHandleVerifier [0x00EE7650+92864]\n\tGetHandleVerifier [0x00ED2040+5296]\n\tBaseThreadInitThunk [0x75F77BA9+25]\n\tRtlInitializeExceptionChain [0x774CC28B+107]\n\tRtlClearBits [0x774CC20F+191]\n"}} | headers=HTTPHeaderDict({'Content-Length': '995', 'Content-Type': 'application/json; charset=utf-8', 'cache-control': 'no-cache'})
14/05/2025 13:51:59 - DEBUG - Finished Request
14/05/2025 13:52:00 - DEBUG - POST http://localhost:59278/session/358011805bce802633b9b0be28aab578/element {'using': 'xpath', 'value': "//h1[@class='product-name']"}
14/05/2025 13:52:00 - DEBUG - http://localhost:59278 "POST /session/358011805bce802633b9b0be28aab578/element HTTP/11" 404 0
14/05/2025 13:52:00 - DEBUG - Remote response: status=404 | data={"value":{"error":"no such element","message":"no such element: Unable to locate element: {\"method\":\"xpath\",\"selector\":\"//h1[@class='product-name']\"}\n  (Session info: chrome=136.0.7103.93)","stacktrace":"\tGetHandleVerifier [0x00EDFC53+61635]\n\tGetHandleVerifier [0x00EDFC94+61700]\n\t(No symbol) [0x00D005D3]\n\t(No symbol) [0x00D4899E]\n\t(No symbol) [0x00D48D3B]\n\t(No symbol) [0x00D90E12]\n\t(No symbol) [0x00D6D2E4]\n\t(No symbol) [0x00D8E61B]\n\t(No symbol) [0x00D6D096]\n\t(No symbol) [0x00D3C840]\n\t(No symbol) [0x00D3D6A4]\n\tGetHandleVerifier [0x01164573+2701795]\n\tGetHandleVerifier [0x0115FCF6+2683238]\n\tGetHandleVerifier [0x0117AA3E+2793134]\n\tGetHandleVerifier [0x00EF6915+155013]\n\tGetHandleVerifier [0x00EFCFFD+181357]\n\tGetHandleVerifier [0x00EE74A8+92440]\n\tGetHandleVerifier [0x00EE7650+92864]\n\tGetHandleVerifier [0x00ED2040+5296]\n\tBaseThreadInitThunk [0x75F77BA9+25]\n\tRtlInitializeExceptionChain [0x774CC28B+107]\n\tRtlClearBits [0x774CC20F+191]\n"}} | headers=HTTPHeaderDict({'Content-Length': '995', 'Content-Type': 'application/json; charset=utf-8', 'cache-control': 'no-cache'})
14/05/2025 13:52:00 - DEBUG - Finished Request
14/05/2025 13:52:00 - DEBUG - POST http://localhost:59278/session/358011805bce802633b9b0be28aab578/element {'using': 'xpath', 'value': "//h1[@class='product-name']"}
14/05/2025 13:52:00 - DEBUG - http://localhost:59278 "POST /session/358011805bce802633b9b0be28aab578/element HTTP/11" 404 0
14/05/2025 13:52:00 - DEBUG - Remote response: status=404 | data={"value":{"error":"no such element","message":"no such element: Unable to locate element: {\"method\":\"xpath\",\"selector\":\"//h1[@class='product-name']\"}\n  (Session info: chrome=136.0.7103.93)","stacktrace":"\tGetHandleVerifier [0x00EDFC53+61635]\n\tGetHandleVerifier [0x00EDFC94+61700]\n\t(No symbol) [0x00D005D3]\n\t(No symbol) [0x00D4899E]\n\t(No symbol) [0x00D48D3B]\n\t(No symbol) [0x00D90E12]\n\t(No symbol) [0x00D6D2E4]\n\t(No symbol) [0x00D8E61B]\n\t(No symbol) [0x00D6D096]\n\t(No symbol) [0x00D3C840]\n\t(No symbol) [0x00D3D6A4]\n\tGetHandleVerifier [0x01164573+2701795]\n\tGetHandleVerifier [0x0115FCF6+2683238]\n\tGetHandleVerifier [0x0117AA3E+2793134]\n\tGetHandleVerifier [0x00EF6915+155013]\n\tGetHandleVerifier [0x00EFCFFD+181357]\n\tGetHandleVerifier [0x00EE74A8+92440]\n\tGetHandleVerifier [0x00EE7650+92864]\n\tGetHandleVerifier [0x00ED2040+5296]\n\tBaseThreadInitThunk [0x75F77BA9+25]\n\tRtlInitializeExceptionChain [0x774CC28B+107]\n\tRtlClearBits [0x774CC20F+191]\n"}} | headers=HTTPHeaderDict({'Content-Length': '995', 'Content-Type': 'application/json; charset=utf-8', 'cache-control': 'no-cache'})
14/05/2025 13:52:00 - DEBUG - Finished Request
14/05/2025 13:52:01 - DEBUG - POST http://localhost:59278/session/358011805bce802633b9b0be28aab578/element {'using': 'xpath', 'value': "//h1[@class='product-name']"}
14/05/2025 13:52:01 - DEBUG - http://localhost:59278 "POST /session/358011805bce802633b9b0be28aab578/element HTTP/11" 404 0
14/05/2025 13:52:01 - DEBUG - Remote response: status=404 | data={"value":{"error":"no such element","message":"no such element: Unable to locate element: {\"method\":\"xpath\",\"selector\":\"//h1[@class='product-name']\"}\n  (Session info: chrome=136.0.7103.93)","stacktrace":"\tGetHandleVerifier [0x00EDFC53+61635]\n\tGetHandleVerifier [0x00EDFC94+61700]\n\t(No symbol) [0x00D005D3]\n\t(No symbol) [0x00D4899E]\n\t(No symbol) [0x00D48D3B]\n\t(No symbol) [0x00D90E12]\n\t(No symbol) [0x00D6D2E4]\n\t(No symbol) [0x00D8E61B]\n\t(No symbol) [0x00D6D096]\n\t(No symbol) [0x00D3C840]\n\t(No symbol) [0x00D3D6A4]\n\tGetHandleVerifier [0x01164573+2701795]\n\tGetHandleVerifier [0x0115FCF6+2683238]\n\tGetHandleVerifier [0x0117AA3E+2793134]\n\tGetHandleVerifier [0x00EF6915+155013]\n\tGetHandleVerifier [0x00EFCFFD+181357]\n\tGetHandleVerifier [0x00EE74A8+92440]\n\tGetHandleVerifier [0x00EE7650+92864]\n\tGetHandleVerifier [0x00ED2040+5296]\n\tBaseThreadInitThunk [0x75F77BA9+25]\n\tRtlInitializeExceptionChain [0x774CC28B+107]\n\tRtlClearBits [0x774CC20F+191]\n"}} | headers=HTTPHeaderDict({'Content-Length': '995', 'Content-Type': 'application/json; charset=utf-8', 'cache-control': 'no-cache'})
14/05/2025 13:52:01 - DEBUG - Finished Request
14/05/2025 13:52:01 - DEBUG - POST http://localhost:59278/session/358011805bce802633b9b0be28aab578/element {'using': 'xpath', 'value': "//h1[@class='product-name']"}
14/05/2025 13:52:01 - DEBUG - http://localhost:59278 "POST /session/358011805bce802633b9b0be28aab578/element HTTP/11" 404 0
14/05/2025 13:52:01 - DEBUG - Remote response: status=404 | data={"value":{"error":"no such element","message":"no such element: Unable to locate element: {\"method\":\"xpath\",\"selector\":\"//h1[@class='product-name']\"}\n  (Session info: chrome=136.0.7103.93)","stacktrace":"\tGetHandleVerifier [0x00EDFC53+61635]\n\tGetHandleVerifier [0x00EDFC94+61700]\n\t(No symbol) [0x00D005D3]\n\t(No symbol) [0x00D4899E]\n\t(No symbol) [0x00D48D3B]\n\t(No symbol) [0x00D90E12]\n\t(No symbol) [0x00D6D2E4]\n\t(No symbol) [0x00D8E61B]\n\t(No symbol) [0x00D6D096]\n\t(No symbol) [0x00D3C840]\n\t(No symbol) [0x00D3D6A4]\n\tGetHandleVerifier [0x01164573+2701795]\n\tGetHandleVerifier [0x0115FCF6+2683238]\n\tGetHandleVerifier [0x0117AA3E+2793134]\n\tGetHandleVerifier [0x00EF6915+155013]\n\tGetHandleVerifier [0x00EFCFFD+181357]\n\tGetHandleVerifier [0x00EE74A8+92440]\n\tGetHandleVerifier [0x00EE7650+92864]\n\tGetHandleVerifier [0x00ED2040+5296]\n\tBaseThreadInitThunk [0x75F77BA9+25]\n\tRtlInitializeExceptionChain [0x774CC28B+107]\n\tRtlClearBits [0x774CC20F+191]\n"}} | headers=HTTPHeaderDict({'Content-Length': '995', 'Content-Type': 'application/json; charset=utf-8', 'cache-control': 'no-cache'})
14/05/2025 13:52:01 - DEBUG - Finished Request
14/05/2025 13:52:02 - DEBUG - POST http://localhost:59278/session/358011805bce802633b9b0be28aab578/element {'using': 'xpath', 'value': "//h1[@class='product-name']"}
14/05/2025 13:52:02 - DEBUG - http://localhost:59278 "POST /session/358011805bce802633b9b0be28aab578/element HTTP/11" 404 0
14/05/2025 13:52:02 - DEBUG - Remote response: status=404 | data={"value":{"error":"no such element","message":"no such element: Unable to locate element: {\"method\":\"xpath\",\"selector\":\"//h1[@class='product-name']\"}\n  (Session info: chrome=136.0.7103.93)","stacktrace":"\tGetHandleVerifier [0x00EDFC53+61635]\n\tGetHandleVerifier [0x00EDFC94+61700]\n\t(No symbol) [0x00D005D3]\n\t(No symbol) [0x00D4899E]\n\t(No symbol) [0x00D48D3B]\n\t(No symbol) [0x00D90E12]\n\t(No symbol) [0x00D6D2E4]\n\t(No symbol) [0x00D8E61B]\n\t(No symbol) [0x00D6D096]\n\t(No symbol) [0x00D3C840]\n\t(No symbol) [0x00D3D6A4]\n\tGetHandleVerifier [0x01164573+2701795]\n\tGetHandleVerifier [0x0115FCF6+2683238]\n\tGetHandleVerifier [0x0117AA3E+2793134]\n\tGetHandleVerifier [0x00EF6915+155013]\n\tGetHandleVerifier [0x00EFCFFD+181357]\n\tGetHandleVerifier [0x00EE74A8+92440]\n\tGetHandleVerifier [0x00EE7650+92864]\n\tGetHandleVerifier [0x00ED2040+5296]\n\tBaseThreadInitThunk [0x75F77BA9+25]\n\tRtlInitializeExceptionChain [0x774CC28B+107]\n\tRtlClearBits [0x774CC20F+191]\n"}} | headers=HTTPHeaderDict({'Content-Length': '995', 'Content-Type': 'application/json; charset=utf-8', 'cache-control': 'no-cache'})
14/05/2025 13:52:02 - DEBUG - Finished Request
14/05/2025 13:52:02 - DEBUG - POST http://localhost:59278/session/358011805bce802633b9b0be28aab578/element {'using': 'xpath', 'value': "//h1[@class='product-name']"}
14/05/2025 13:52:02 - DEBUG - http://localhost:59278 "POST /session/358011805bce802633b9b0be28aab578/element HTTP/11" 404 0
14/05/2025 13:52:02 - DEBUG - Remote response: status=404 | data={"value":{"error":"no such element","message":"no such element: Unable to locate element: {\"method\":\"xpath\",\"selector\":\"//h1[@class='product-name']\"}\n  (Session info: chrome=136.0.7103.93)","stacktrace":"\tGetHandleVerifier [0x00EDFC53+61635]\n\tGetHandleVerifier [0x00EDFC94+61700]\n\t(No symbol) [0x00D005D3]\n\t(No symbol) [0x00D4899E]\n\t(No symbol) [0x00D48D3B]\n\t(No symbol) [0x00D90E12]\n\t(No symbol) [0x00D6D2E4]\n\t(No symbol) [0x00D8E61B]\n\t(No symbol) [0x00D6D096]\n\t(No symbol) [0x00D3C840]\n\t(No symbol) [0x00D3D6A4]\n\tGetHandleVerifier [0x01164573+2701795]\n\tGetHandleVerifier [0x0115FCF6+2683238]\n\tGetHandleVerifier [0x0117AA3E+2793134]\n\tGetHandleVerifier [0x00EF6915+155013]\n\tGetHandleVerifier [0x00EFCFFD+181357]\n\tGetHandleVerifier [0x00EE74A8+92440]\n\tGetHandleVerifier [0x00EE7650+92864]\n\tGetHandleVerifier [0x00ED2040+5296]\n\tBaseThreadInitThunk [0x75F77BA9+25]\n\tRtlInitializeExceptionChain [0x774CC28B+107]\n\tRtlClearBits [0x774CC20F+191]\n"}} | headers=HTTPHeaderDict({'Content-Length': '995', 'Content-Type': 'application/json; charset=utf-8', 'cache-control': 'no-cache'})
14/05/2025 13:52:02 - DEBUG - Finished Request
14/05/2025 13:52:03 - DEBUG - POST http://localhost:59278/session/358011805bce802633b9b0be28aab578/element {'using': 'xpath', 'value': "//h1[@class='product-name']"}
14/05/2025 13:52:03 - DEBUG - http://localhost:59278 "POST /session/358011805bce802633b9b0be28aab578/element HTTP/11" 404 0
14/05/2025 13:52:03 - DEBUG - Remote response: status=404 | data={"value":{"error":"no such element","message":"no such element: Unable to locate element: {\"method\":\"xpath\",\"selector\":\"//h1[@class='product-name']\"}\n  (Session info: chrome=136.0.7103.93)","stacktrace":"\tGetHandleVerifier [0x00EDFC53+61635]\n\tGetHandleVerifier [0x00EDFC94+61700]\n\t(No symbol) [0x00D005D3]\n\t(No symbol) [0x00D4899E]\n\t(No symbol) [0x00D48D3B]\n\t(No symbol) [0x00D90E12]\n\t(No symbol) [0x00D6D2E4]\n\t(No symbol) [0x00D8E61B]\n\t(No symbol) [0x00D6D096]\n\t(No symbol) [0x00D3C840]\n\t(No symbol) [0x00D3D6A4]\n\tGetHandleVerifier [0x01164573+2701795]\n\tGetHandleVerifier [0x0115FCF6+2683238]\n\tGetHandleVerifier [0x0117AA3E+2793134]\n\tGetHandleVerifier [0x00EF6915+155013]\n\tGetHandleVerifier [0x00EFCFFD+181357]\n\tGetHandleVerifier [0x00EE74A8+92440]\n\tGetHandleVerifier [0x00EE7650+92864]\n\tGetHandleVerifier [0x00ED2040+5296]\n\tBaseThreadInitThunk [0x75F77BA9+25]\n\tRtlInitializeExceptionChain [0x774CC28B+107]\n\tRtlClearBits [0x774CC20F+191]\n"}} | headers=HTTPHeaderDict({'Content-Length': '995', 'Content-Type': 'application/json; charset=utf-8', 'cache-control': 'no-cache'})
14/05/2025 13:52:03 - DEBUG - Finished Request
14/05/2025 13:52:03 - DEBUG - POST http://localhost:59278/session/358011805bce802633b9b0be28aab578/element {'using': 'xpath', 'value': "//h1[@class='product-name']"}
14/05/2025 13:52:03 - DEBUG - http://localhost:59278 "POST /session/358011805bce802633b9b0be28aab578/element HTTP/11" 404 0
14/05/2025 13:52:03 - DEBUG - Remote response: status=404 | data={"value":{"error":"no such element","message":"no such element: Unable to locate element: {\"method\":\"xpath\",\"selector\":\"//h1[@class='product-name']\"}\n  (Session info: chrome=136.0.7103.93)","stacktrace":"\tGetHandleVerifier [0x00EDFC53+61635]\n\tGetHandleVerifier [0x00EDFC94+61700]\n\t(No symbol) [0x00D005D3]\n\t(No symbol) [0x00D4899E]\n\t(No symbol) [0x00D48D3B]\n\t(No symbol) [0x00D90E12]\n\t(No symbol) [0x00D6D2E4]\n\t(No symbol) [0x00D8E61B]\n\t(No symbol) [0x00D6D096]\n\t(No symbol) [0x00D3C840]\n\t(No symbol) [0x00D3D6A4]\n\tGetHandleVerifier [0x01164573+2701795]\n\tGetHandleVerifier [0x0115FCF6+2683238]\n\tGetHandleVerifier [0x0117AA3E+2793134]\n\tGetHandleVerifier [0x00EF6915+155013]\n\tGetHandleVerifier [0x00EFCFFD+181357]\n\tGetHandleVerifier [0x00EE74A8+92440]\n\tGetHandleVerifier [0x00EE7650+92864]\n\tGetHandleVerifier [0x00ED2040+5296]\n\tBaseThreadInitThunk [0x75F77BA9+25]\n\tRtlInitializeExceptionChain [0x774CC28B+107]\n\tRtlClearBits [0x774CC20F+191]\n"}} | headers=HTTPHeaderDict({'Content-Length': '995', 'Content-Type': 'application/json; charset=utf-8', 'cache-control': 'no-cache'})
14/05/2025 13:52:03 - DEBUG - Finished Request
14/05/2025 13:52:04 - DEBUG - POST http://localhost:59278/session/358011805bce802633b9b0be28aab578/element {'using': 'xpath', 'value': "//h1[@class='product-name']"}
14/05/2025 13:52:04 - DEBUG - http://localhost:59278 "POST /session/358011805bce802633b9b0be28aab578/element HTTP/11" 404 0
14/05/2025 13:52:04 - DEBUG - Remote response: status=404 | data={"value":{"error":"no such element","message":"no such element: Unable to locate element: {\"method\":\"xpath\",\"selector\":\"//h1[@class='product-name']\"}\n  (Session info: chrome=136.0.7103.93)","stacktrace":"\tGetHandleVerifier [0x00EDFC53+61635]\n\tGetHandleVerifier [0x00EDFC94+61700]\n\t(No symbol) [0x00D005D3]\n\t(No symbol) [0x00D4899E]\n\t(No symbol) [0x00D48D3B]\n\t(No symbol) [0x00D90E12]\n\t(No symbol) [0x00D6D2E4]\n\t(No symbol) [0x00D8E61B]\n\t(No symbol) [0x00D6D096]\n\t(No symbol) [0x00D3C840]\n\t(No symbol) [0x00D3D6A4]\n\tGetHandleVerifier [0x01164573+2701795]\n\tGetHandleVerifier [0x0115FCF6+2683238]\n\tGetHandleVerifier [0x0117AA3E+2793134]\n\tGetHandleVerifier [0x00EF6915+155013]\n\tGetHandleVerifier [0x00EFCFFD+181357]\n\tGetHandleVerifier [0x00EE74A8+92440]\n\tGetHandleVerifier [0x00EE7650+92864]\n\tGetHandleVerifier [0x00ED2040+5296]\n\tBaseThreadInitThunk [0x75F77BA9+25]\n\tRtlInitializeExceptionChain [0x774CC28B+107]\n\tRtlClearBits [0x774CC20F+191]\n"}} | headers=HTTPHeaderDict({'Content-Length': '995', 'Content-Type': 'application/json; charset=utf-8', 'cache-control': 'no-cache'})
14/05/2025 13:52:04 - DEBUG - Finished Request
14/05/2025 13:52:04 - DEBUG - POST http://localhost:59278/session/358011805bce802633b9b0be28aab578/element {'using': 'xpath', 'value': "//h1[@class='product-name']"}
14/05/2025 13:52:04 - DEBUG - http://localhost:59278 "POST /session/358011805bce802633b9b0be28aab578/element HTTP/11" 404 0
14/05/2025 13:52:04 - DEBUG - Remote response: status=404 | data={"value":{"error":"no such element","message":"no such element: Unable to locate element: {\"method\":\"xpath\",\"selector\":\"//h1[@class='product-name']\"}\n  (Session info: chrome=136.0.7103.93)","stacktrace":"\tGetHandleVerifier [0x00EDFC53+61635]\n\tGetHandleVerifier [0x00EDFC94+61700]\n\t(No symbol) [0x00D005D3]\n\t(No symbol) [0x00D4899E]\n\t(No symbol) [0x00D48D3B]\n\t(No symbol) [0x00D90E12]\n\t(No symbol) [0x00D6D2E4]\n\t(No symbol) [0x00D8E61B]\n\t(No symbol) [0x00D6D096]\n\t(No symbol) [0x00D3C840]\n\t(No symbol) [0x00D3D6A4]\n\tGetHandleVerifier [0x01164573+2701795]\n\tGetHandleVerifier [0x0115FCF6+2683238]\n\tGetHandleVerifier [0x0117AA3E+2793134]\n\tGetHandleVerifier [0x00EF6915+155013]\n\tGetHandleVerifier [0x00EFCFFD+181357]\n\tGetHandleVerifier [0x00EE74A8+92440]\n\tGetHandleVerifier [0x00EE7650+92864]\n\tGetHandleVerifier [0x00ED2040+5296]\n\tBaseThreadInitThunk [0x75F77BA9+25]\n\tRtlInitializeExceptionChain [0x774CC28B+107]\n\tRtlClearBits [0x774CC20F+191]\n"}} | headers=HTTPHeaderDict({'Content-Length': '995', 'Content-Type': 'application/json; charset=utf-8', 'cache-control': 'no-cache'})
14/05/2025 13:52:04 - DEBUG - Finished Request
14/05/2025 13:52:05 - DEBUG - POST http://localhost:59278/session/358011805bce802633b9b0be28aab578/element {'using': 'xpath', 'value': "//h1[@class='product-name']"}
14/05/2025 13:52:05 - DEBUG - http://localhost:59278 "POST /session/358011805bce802633b9b0be28aab578/element HTTP/11" 404 0
14/05/2025 13:52:05 - DEBUG - Remote response: status=404 | data={"value":{"error":"no such element","message":"no such element: Unable to locate element: {\"method\":\"xpath\",\"selector\":\"//h1[@class='product-name']\"}\n  (Session info: chrome=136.0.7103.93)","stacktrace":"\tGetHandleVerifier [0x00EDFC53+61635]\n\tGetHandleVerifier [0x00EDFC94+61700]\n\t(No symbol) [0x00D005D3]\n\t(No symbol) [0x00D4899E]\n\t(No symbol) [0x00D48D3B]\n\t(No symbol) [0x00D90E12]\n\t(No symbol) [0x00D6D2E4]\n\t(No symbol) [0x00D8E61B]\n\t(No symbol) [0x00D6D096]\n\t(No symbol) [0x00D3C840]\n\t(No symbol) [0x00D3D6A4]\n\tGetHandleVerifier [0x01164573+2701795]\n\tGetHandleVerifier [0x0115FCF6+2683238]\n\tGetHandleVerifier [0x0117AA3E+2793134]\n\tGetHandleVerifier [0x00EF6915+155013]\n\tGetHandleVerifier [0x00EFCFFD+181357]\n\tGetHandleVerifier [0x00EE74A8+92440]\n\tGetHandleVerifier [0x00EE7650+92864]\n\tGetHandleVerifier [0x00ED2040+5296]\n\tBaseThreadInitThunk [0x75F77BA9+25]\n\tRtlInitializeExceptionChain [0x774CC28B+107]\n\tRtlClearBits [0x774CC20F+191]\n"}} | headers=HTTPHeaderDict({'Content-Length': '995', 'Content-Type': 'application/json; charset=utf-8', 'cache-control': 'no-cache'})
14/05/2025 13:52:05 - DEBUG - Finished Request
14/05/2025 13:52:05 - DEBUG - POST http://localhost:59278/session/358011805bce802633b9b0be28aab578/element {'using': 'xpath', 'value': "//h1[@class='product-name']"}
14/05/2025 13:52:05 - DEBUG - http://localhost:59278 "POST /session/358011805bce802633b9b0be28aab578/element HTTP/11" 404 0
14/05/2025 13:52:05 - DEBUG - Remote response: status=404 | data={"value":{"error":"no such element","message":"no such element: Unable to locate element: {\"method\":\"xpath\",\"selector\":\"//h1[@class='product-name']\"}\n  (Session info: chrome=136.0.7103.93)","stacktrace":"\tGetHandleVerifier [0x00EDFC53+61635]\n\tGetHandleVerifier [0x00EDFC94+61700]\n\t(No symbol) [0x00D005D3]\n\t(No symbol) [0x00D4899E]\n\t(No symbol) [0x00D48D3B]\n\t(No symbol) [0x00D90E12]\n\t(No symbol) [0x00D6D2E4]\n\t(No symbol) [0x00D8E61B]\n\t(No symbol) [0x00D6D096]\n\t(No symbol) [0x00D3C840]\n\t(No symbol) [0x00D3D6A4]\n\tGetHandleVerifier [0x01164573+2701795]\n\tGetHandleVerifier [0x0115FCF6+2683238]\n\tGetHandleVerifier [0x0117AA3E+2793134]\n\tGetHandleVerifier [0x00EF6915+155013]\n\tGetHandleVerifier [0x00EFCFFD+181357]\n\tGetHandleVerifier [0x00EE74A8+92440]\n\tGetHandleVerifier [0x00EE7650+92864]\n\tGetHandleVerifier [0x00ED2040+5296]\n\tBaseThreadInitThunk [0x75F77BA9+25]\n\tRtlInitializeExceptionChain [0x774CC28B+107]\n\tRtlClearBits [0x774CC20F+191]\n"}} | headers=HTTPHeaderDict({'Content-Length': '995', 'Content-Type': 'application/json; charset=utf-8', 'cache-control': 'no-cache'})
14/05/2025 13:52:05 - DEBUG - Finished Request
14/05/2025 13:52:05 - ERROR - Erro na coleta: Message: 
Stacktrace:
	GetHandleVerifier [0x00EDFC53+61635]
	GetHandleVerifier [0x00EDFC94+61700]
	(No symbol) [0x00D005D3]
	(No symbol) [0x00D4899E]
	(No symbol) [0x00D48D3B]
	(No symbol) [0x00D90E12]
	(No symbol) [0x00D6D2E4]
	(No symbol) [0x00D8E61B]
	(No symbol) [0x00D6D096]
	(No symbol) [0x00D3C840]
	(No symbol) [0x00D3D6A4]
	GetHandleVerifier [0x01164573+2701795]
	GetHandleVerifier [0x0115FCF6+2683238]
	GetHandleVerifier [0x0117AA3E+2793134]
	GetHandleVerifier [0x00EF6915+155013]
	GetHandleVerifier [0x00EFCFFD+181357]
	GetHandleVerifier [0x00EE74A8+92440]
	GetHandleVerifier [0x00EE7650+92864]
	GetHandleVerifier [0x00ED2040+5296]
	BaseThreadInitThunk [0x75F77BA9+25]
	RtlInitializeExceptionChain [0x774CC28B+107]
	RtlClearBits [0x774CC20F+191]

14/05/2025 13:52:05 - WARNING - ⚠️ Nenhum item foi coletado
14/05/2025 13:52:05 - DEBUG - DELETE http://localhost:59278/session/358011805bce802633b9b0be28aab578 {}
14/05/2025 13:52:06 - DEBUG - http://localhost:59278 "DELETE /session/358011805bce802633b9b0be28aab578 HTTP/11" 200 0
14/05/2025 13:52:06 - DEBUG - Remote response: status=200 | data={"value":null} | headers=HTTPHeaderDict({'Content-Length': '14', 'Content-Type': 'application/json; charset=utf-8', 'cache-control': 'no-cache'})
14/05/2025 13:52:06 - DEBUG - Finished Request
14/05/2025 13:52:08 - INFO - ==== Coleta finalizada ====
