[2025-05-14 13:33:39] Iniciando o navegador Chrome
[2025-05-14 13:33:42] Processando item 1: https://www.tecnocubo.com.br/filamento-impressao-3d-creality-hyper-pla-rainbow-arco-iris-spring-lake-1kg/p
[2025-05-14 13:33:58] Erro ao processar item 1: Message: 
Stacktrace:
	GetHandleVerifier [0x00EDFC53+61635]
	GetHandleVerifier [0x00EDFC94+61700]
	(No symbol) [0x00D005D3]
	(No symbol) [0x00D4899E]
	(No symbol) [0x00D48D3B]
	(No symbol) [0x00D90E12]
	(No symbol) [0x00D6D2E4]
	(No symbol) [0x00D8E61B]
	(No symbol) [0x00D6D096]
	(No symbol) [0x00D3C840]
	(No symbol) [0x00D3D6A4]
	GetHandleVerifier [0x01164573+2701795]
	GetHandleVerifier [0x0115FCF6+2683238]
	GetHandleVerifier [0x0117AA3E+2793134]
	GetHandleVerifier [0x00EF6915+155013]
	GetHandleVerifier [0x00EFCFFD+181357]
	GetHandleVerifier [0x00EE74A8+92440]
	GetHandleVerifier [0x00EE7650+92864]
	GetHandleVerifier [0x00ED2040+5296]
	BaseThreadInitThunk [0x75F77BA9+25]
	RtlInitializeExceptionChain [0x774CC28B+107]
	RtlClearBits [0x774CC20F+191]

[2025-05-14 13:33:58] Erro fatal: No module named 'openpyxl'
